Number of queens = 9
Number of workers = 10
NodeJs code = nqueens.js
Starting worker 0 (from=0, to=38742048)...
Starting worker 1 (from=38742048, to=77484096)...
Starting worker 2 (from=77484096, to=116226144)...
Starting worker 3 (from=116226144, to=154968192)...
Starting worker 4 (from=154968192, to=193710240)...
Starting worker 5 (from=193710240, to=232452288)...
Starting worker 6 (from=232452288, to=271194336)...
Starting worker 7 (from=271194336, to=309936384)...
Starting worker 8 (from=309936384, to=348678432)...
Starting worker 9 (from=348678432, to=387420489)...
Waiting for all workers...
./workflow.sh: line 42: 23910 Killed                  node $3 $1 $from $to >> res.txt
./workflow.sh: line 42: 23911 Killed                  node $3 $1 $from $to >> res.txt
./workflow.sh: line 42: 23912 Killed                  node $3 $1 $from $to >> res.txt
./workflow.sh: line 42: 23914 Killed                  node $3 $1 $from $to >> res.txt
./workflow.sh: line 42: 23918 Killed                  node $3 $1 $from $to >> res.txt
./workflow.sh: line 42: 23919 Killed                  node $3 $1 $from $to >> res.txt
./workflow.sh: line 42: 23913 Killed                  node $3 $1 $from $to >> res.txt
./workflow.sh: line 42: 23915 Killed                  node $3 $1 $from $to >> res.txt
./workflow.sh: line 42: 23916 Killed                  node $3 $1 $from $to >> res.txt
Found solutions: 36

real	0m49.348s
user	0m46.077s
sys	0m2.171s
