Number of queens = 9
Number of workers = 10
NodeJs code = nqueens.js
Starting worker 0 (from=0, to=38742048)...
Starting worker 1 (from=38742048, to=77484096)...
Starting worker 2 (from=77484096, to=116226144)...
Starting worker 3 (from=116226144, to=154968192)...
Starting worker 4 (from=154968192, to=193710240)...
Starting worker 5 (from=193710240, to=232452288)...
Starting worker 6 (from=232452288, to=271194336)...
Starting worker 7 (from=271194336, to=309936384)...
Starting worker 8 (from=309936384, to=348678432)...
Starting worker 9 (from=348678432, to=387420489)...
Waiting for all workers...
./workflow.sh: line 42: 24133 Killed                  node $3 $1 $from $to >> res.txt
./workflow.sh: line 42: 24134 Killed                  node $3 $1 $from $to >> res.txt
./workflow.sh: line 42: 24135 Killed                  node $3 $1 $from $to >> res.txt
./workflow.sh: line 42: 24136 Killed                  node $3 $1 $from $to >> res.txt
./workflow.sh: line 42: 24138 Killed                  node $3 $1 $from $to >> res.txt
./workflow.sh: line 42: 24139 Killed                  node $3 $1 $from $to >> res.txt
./workflow.sh: line 42: 24140 Killed                  node $3 $1 $from $to >> res.txt
./workflow.sh: line 42: 24141 Killed                  node $3 $1 $from $to >> res.txt
./workflow.sh: line 42: 24142 Killed                  node $3 $1 $from $to >> res.txt
Found solutions: 52

real	0m50.801s
user	0m47.898s
sys	0m2.086s
