Number of queens = 9
Number of workers = 10
NodeJs code = nqueens.js
Starting worker 0 (from=0, to=38742048)...
Starting worker 1 (from=38742048, to=77484096)...
Starting worker 2 (from=77484096, to=116226144)...
Starting worker 3 (from=116226144, to=154968192)...
Starting worker 4 (from=154968192, to=193710240)...
Starting worker 5 (from=193710240, to=232452288)...
Starting worker 6 (from=232452288, to=271194336)...
Starting worker 7 (from=271194336, to=309936384)...
Starting worker 8 (from=309936384, to=348678432)...
Starting worker 9 (from=348678432, to=387420489)...
Waiting for all workers...
./workflow.sh: line 42: 23827 Killed                  node $3 $1 $from $to >> res.txt
./workflow.sh: line 42: 23828 Killed                  node $3 $1 $from $to >> res.txt
./workflow.sh: line 42: 23829 Killed                  node $3 $1 $from $to >> res.txt
./workflow.sh: line 42: 23830 Killed                  node $3 $1 $from $to >> res.txt
./workflow.sh: line 42: 23832 Killed                  node $3 $1 $from $to >> res.txt
./workflow.sh: line 42: 23834 Killed                  node $3 $1 $from $to >> res.txt
./workflow.sh: line 42: 23831 Killed                  node $3 $1 $from $to >> res.txt
./workflow.sh: line 42: 23833 Killed                  node $3 $1 $from $to >> res.txt
./workflow.sh: line 42: 23836 Killed                  node $3 $1 $from $to >> res.txt
Found solutions: 24

real	0m49.214s
user	0m45.421s
sys	0m1.953s
