Number of queens = 9
Number of workers = 20
NodeJs code = nqueens.js
Starting worker 0 (from=0, to=19371024)...
Starting worker 1 (from=19371024, to=38742048)...
Starting worker 2 (from=38742048, to=58113072)...
Starting worker 3 (from=58113072, to=77484096)...
Starting worker 4 (from=77484096, to=96855120)...
Starting worker 5 (from=96855120, to=116226144)...
Starting worker 6 (from=116226144, to=135597168)...
Starting worker 7 (from=135597168, to=154968192)...
Starting worker 8 (from=154968192, to=174339216)...
Starting worker 9 (from=174339216, to=193710240)...
Starting worker 10 (from=193710240, to=213081264)...
Starting worker 11 (from=213081264, to=232452288)...
Starting worker 12 (from=232452288, to=251823312)...
Starting worker 13 (from=251823312, to=271194336)...
Starting worker 14 (from=271194336, to=290565360)...
Starting worker 15 (from=290565360, to=309936384)...
Starting worker 16 (from=309936384, to=329307408)...
Starting worker 17 (from=329307408, to=348678432)...
Starting worker 18 (from=348678432, to=368049456)...
Starting worker 19 (from=368049456, to=387420489)...
Waiting for all workers...
Found solutions: 352

real	2m50.731s
user	2m49.080s
sys	0m1.536s
