Number of queens = 9
Number of workers = 25
NodeJs code = nqueens.js
Starting worker 0 (from=0, to=15496819)...
Starting worker 1 (from=15496819, to=30993638)...
Starting worker 2 (from=30993638, to=46490457)...
Starting worker 3 (from=46490457, to=61987276)...
Starting worker 4 (from=61987276, to=77484095)...
Starting worker 5 (from=77484095, to=92980914)...
Starting worker 6 (from=92980914, to=108477733)...
Starting worker 7 (from=108477733, to=123974552)...
Starting worker 8 (from=123974552, to=139471371)...
Starting worker 9 (from=139471371, to=154968190)...
Starting worker 10 (from=154968190, to=170465009)...
Starting worker 11 (from=170465009, to=185961828)...
Starting worker 12 (from=185961828, to=201458647)...
Starting worker 13 (from=201458647, to=216955466)...
Starting worker 14 (from=216955466, to=232452285)...
Starting worker 15 (from=232452285, to=247949104)...
Starting worker 16 (from=247949104, to=263445923)...
Starting worker 17 (from=263445923, to=278942742)...
Starting worker 18 (from=278942742, to=294439561)...
Starting worker 19 (from=294439561, to=309936380)...
Starting worker 20 (from=309936380, to=325433199)...
Starting worker 21 (from=325433199, to=340930018)...
Starting worker 22 (from=340930018, to=356426837)...
Starting worker 23 (from=356426837, to=371923656)...
Starting worker 24 (from=371923656, to=387420489)...
Waiting for all workers...
Found solutions: 352

real	2m52.502s
user	2m49.742s
sys	0m1.772s
