Number of queens = 9
Number of workers = 30
NodeJs code = nqueens.js
Starting worker 0 (from=0, to=12914016)...
Starting worker 1 (from=12914016, to=25828032)...
Starting worker 2 (from=25828032, to=38742048)...
Starting worker 3 (from=38742048, to=51656064)...
Starting worker 4 (from=51656064, to=64570080)...
Starting worker 5 (from=64570080, to=77484096)...
Starting worker 6 (from=77484096, to=90398112)...
Starting worker 7 (from=90398112, to=103312128)...
Starting worker 8 (from=103312128, to=116226144)...
Starting worker 9 (from=116226144, to=129140160)...
Starting worker 10 (from=129140160, to=142054176)...
Starting worker 11 (from=142054176, to=154968192)...
Starting worker 12 (from=154968192, to=167882208)...
Starting worker 13 (from=167882208, to=180796224)...
Starting worker 14 (from=180796224, to=193710240)...
Starting worker 15 (from=193710240, to=206624256)...
Starting worker 16 (from=206624256, to=219538272)...
Starting worker 17 (from=219538272, to=232452288)...
Starting worker 18 (from=232452288, to=245366304)...
Starting worker 19 (from=245366304, to=258280320)...
Starting worker 20 (from=258280320, to=271194336)...
Starting worker 21 (from=271194336, to=284108352)...
Starting worker 22 (from=284108352, to=297022368)...
Starting worker 23 (from=297022368, to=309936384)...
Starting worker 24 (from=309936384, to=322850400)...
Starting worker 25 (from=322850400, to=335764416)...
Starting worker 26 (from=335764416, to=348678432)...
Starting worker 27 (from=348678432, to=361592448)...
Starting worker 28 (from=361592448, to=374506464)...
Starting worker 29 (from=374506464, to=387420489)...
Waiting for all workers...
Found solutions: 352

real	2m49.911s
user	2m48.082s
sys	0m1.776s
